<?xml version="1.0" encoding="UTF-8"?>
<testng-results skipped="0" failed="0" ignored="0" total="2" passed="2">
  <reporter-output>
  </reporter-output>
  <suite name="Default suite" duration-ms="41081" started-at="2019-07-05T00:54:52Z" finished-at="2019-07-05T00:55:33Z">
    <groups>
    </groups>
    <test name="Default test" duration-ms="41081" started-at="2019-07-05T00:54:52Z" finished-at="2019-07-05T00:55:33Z">
      <class name="test.ParkingCalculator.ParkingCalculatorTest">
        <test-method status="PASS" signature="LaunchBrowserAndUrl()[pri:0, instance:test.ParkingCalculator.ParkingCalculatorTest@6adede5]" name="LaunchBrowserAndUrl" is-config="true" duration-ms="29572" started-at="2019-07-05T00:54:52Z" finished-at="2019-07-05T00:55:22Z">
          <reporter-output>
          </reporter-output>
        </test-method> <!-- LaunchBrowserAndUrl -->
        <test-method status="PASS" signature="ParkingPriceCalculatorTest(java.lang.String, java.lang.String, java.lang.String, java.lang.String, java.lang.String, java.lang.String)[pri:0, instance:test.ParkingCalculator.ParkingCalculatorTest@6adede5]" name="ParkingPriceCalculatorTest" duration-ms="4169" started-at="2019-07-05T00:55:23Z" data-provider="ParkingCalculator" finished-at="2019-07-05T00:55:27Z">
          <params>
            <param index="0">
              <value>
                <![CDATA[Short-Term]]>
              </value>
            </param>
            <param index="1">
              <value>
                <![CDATA[01:00AM]]>
              </value>
            </param>
            <param index="2">
              <value>
                <![CDATA[11:00PM]]>
              </value>
            </param>
            <param index="3">
              <value>
                <![CDATA[20/07/2019]]>
              </value>
            </param>
            <param index="4">
              <value>
                <![CDATA[21/07/2019]]>
              </value>
            </param>
            <param index="5">
              <value>
                <![CDATA[832.00]]>
              </value>
            </param>
          </params>
          <reporter-output>
          </reporter-output>
        </test-method> <!-- ParkingPriceCalculatorTest -->
        <test-method status="PASS" signature="ParkingPriceCalculatorTest(java.lang.String, java.lang.String, java.lang.String, java.lang.String, java.lang.String, java.lang.String)[pri:0, instance:test.ParkingCalculator.ParkingCalculatorTest@6adede5]" name="ParkingPriceCalculatorTest" duration-ms="2062" started-at="2019-07-05T00:55:27Z" data-provider="ParkingCalculator" finished-at="2019-07-05T00:55:29Z">
          <params>
            <param index="0">
              <value>
                <![CDATA[Long-Term-Garage-Parking]]>
              </value>
            </param>
            <param index="1">
              <value>
                <![CDATA[01:00AM]]>
              </value>
            </param>
            <param index="2">
              <value>
                <![CDATA[11:00PM]]>
              </value>
            </param>
            <param index="3">
              <value>
                <![CDATA[20/07/2019]]>
              </value>
            </param>
            <param index="4">
              <value>
                <![CDATA[21/07/2019]]>
              </value>
            </param>
            <param index="5">
              <value>
                <![CDATA[336.00]]>
              </value>
            </param>
          </params>
          <reporter-output>
          </reporter-output>
        </test-method> <!-- ParkingPriceCalculatorTest -->
        <test-method status="PASS" signature="QuitDriver()[pri:0, instance:test.ParkingCalculator.ParkingCalculatorTest@6adede5]" name="QuitDriver" is-config="true" duration-ms="4350" started-at="2019-07-05T00:55:29Z" finished-at="2019-07-05T00:55:33Z">
          <reporter-output>
          </reporter-output>
        </test-method> <!-- QuitDriver -->
      </class> <!-- test.ParkingCalculator.ParkingCalculatorTest -->
    </test> <!-- Default test -->
  </suite> <!-- Default suite -->
</testng-results>
