<?xml version="1.0" encoding="UTF-8"?>
<!-- Generated by org.testng.reporters.JUnitXMLReporter -->
<testsuite hostname="DESKTOP-GDSB1A9" ignored="0" name="Default test" tests="2" failures="0" timestamp="05 Jul 2019 00:55:34 GMT" time="41.081" errors="0">
  <testcase name="ParkingPriceCalculatorTest" time="4.169" classname="test.ParkingCalculator.ParkingCalculatorTest"/>
  <testcase name="ParkingPriceCalculatorTest" time="2.062" classname="test.ParkingCalculator.ParkingCalculatorTest"/>
</testsuite> <!-- Default test -->
